c:\users\tohdj\documents\2023_2024_sem2\dx1220 game ai programming\teaching materials\dm2242 materials (ws)\week 01\dx1220_ai\ai\debug\vc142.pdb
c:\users\tohdj\documents\2023_2024_sem2\dx1220 game ai programming\teaching materials\dm2242 materials (ws)\week 01\dx1220_ai\ai\debug\vc142.idb
c:\users\tohdj\documents\2023_2024_sem2\dx1220 game ai programming\teaching materials\dm2242 materials (ws)\week 01\dx1220_ai\ai\debug\utility.obj
c:\users\tohdj\documents\2023_2024_sem2\dx1220 game ai programming\teaching materials\dm2242 materials (ws)\week 01\dx1220_ai\ai\debug\shader.obj
c:\users\tohdj\documents\2023_2024_sem2\dx1220 game ai programming\teaching materials\dm2242 materials (ws)\week 01\dx1220_ai\ai\debug\scenetictactoe.obj
c:\users\tohdj\documents\2023_2024_sem2\dx1220 game ai programming\teaching materials\dm2242 materials (ws)\week 01\dx1220_ai\ai\debug\scenemovement.obj
c:\users\tohdj\documents\2023_2024_sem2\dx1220 game ai programming\teaching materials\dm2242 materials (ws)\week 01\dx1220_ai\ai\debug\scenebase.obj
c:\users\tohdj\documents\2023_2024_sem2\dx1220 game ai programming\teaching materials\dm2242 materials (ws)\week 01\dx1220_ai\ai\debug\meshbuilder.obj
c:\users\tohdj\documents\2023_2024_sem2\dx1220 game ai programming\teaching materials\dm2242 materials (ws)\week 01\dx1220_ai\ai\debug\mesh.obj
c:\users\tohdj\documents\2023_2024_sem2\dx1220 game ai programming\teaching materials\dm2242 materials (ws)\week 01\dx1220_ai\ai\debug\main.obj
c:\users\tohdj\documents\2023_2024_sem2\dx1220 game ai programming\teaching materials\dm2242 materials (ws)\week 01\dx1220_ai\ai\debug\loadtga.obj
c:\users\tohdj\documents\2023_2024_sem2\dx1220 game ai programming\teaching materials\dm2242 materials (ws)\week 01\dx1220_ai\ai\debug\loadobj.obj
c:\users\tohdj\documents\2023_2024_sem2\dx1220 game ai programming\teaching materials\dm2242 materials (ws)\week 01\dx1220_ai\ai\debug\gameobject.obj
c:\users\tohdj\documents\2023_2024_sem2\dx1220 game ai programming\teaching materials\dm2242 materials (ws)\week 01\dx1220_ai\ai\debug\camera.obj
c:\users\tohdj\documents\2023_2024_sem2\dx1220 game ai programming\teaching materials\dm2242 materials (ws)\week 01\dx1220_ai\ai\debug\application.obj
c:\users\tohdj\documents\2023_2024_sem2\dx1220 game ai programming\teaching materials\dm2242 materials (ws)\week 01\dx1220_ai\debug\ai.ilk
c:\users\tohdj\documents\2023_2024_sem2\dx1220 game ai programming\teaching materials\dm2242 materials (ws)\week 01\dx1220_ai\debug\ai.exe
c:\users\tohdj\documents\2023_2024_sem2\dx1220 game ai programming\teaching materials\dm2242 materials (ws)\week 01\dx1220_ai\debug\ai.pdb
c:\users\tohdj\documents\2023_2024_sem2\dx1220 game ai programming\teaching materials\dm2242 materials (ws)\week 01\dx1220_ai\ai\debug\ai.tlog\cl.command.1.tlog
c:\users\tohdj\documents\2023_2024_sem2\dx1220 game ai programming\teaching materials\dm2242 materials (ws)\week 01\dx1220_ai\ai\debug\ai.tlog\cl.read.1.tlog
c:\users\tohdj\documents\2023_2024_sem2\dx1220 game ai programming\teaching materials\dm2242 materials (ws)\week 01\dx1220_ai\ai\debug\ai.tlog\cl.write.1.tlog
c:\users\tohdj\documents\2023_2024_sem2\dx1220 game ai programming\teaching materials\dm2242 materials (ws)\week 01\dx1220_ai\ai\debug\ai.tlog\link.command.1.tlog
c:\users\tohdj\documents\2023_2024_sem2\dx1220 game ai programming\teaching materials\dm2242 materials (ws)\week 01\dx1220_ai\ai\debug\ai.tlog\link.read.1.tlog
c:\users\tohdj\documents\2023_2024_sem2\dx1220 game ai programming\teaching materials\dm2242 materials (ws)\week 01\dx1220_ai\ai\debug\ai.tlog\link.write.1.tlog
